<?xml version="1.0" encoding="UTF-8"?>
<!-- Generated by org.testng.reporters.JUnitReportReporter -->
<testsuite hostname="TranThiHoan" name="automation.testsuite.TS_Test" tests="1" failures="0" timestamp="8 Feb 2022 07:55:44 GMT" time="5.331" errors="0">
  <testcase name="Epic1_Story1_SignInPage" time="5.331" classname="automation.testsuite.TS_Test"/>
</testsuite> <!-- automation.testsuite.TS_Test -->
